Log file open, 01/23/20 20:05:03
LogWindows: Failed to load 'aqProf.dll' (GetLastError=126)
LogWindows: File 'aqProf.dll' does not exist
LogWindows: Failed to load 'VtuneApi.dll' (GetLastError=126)
LogWindows: File 'VtuneApi.dll' does not exist
LogWindows: Failed to load 'VtuneApi32e.dll' (GetLastError=126)
LogWindows: File 'VtuneApi32e.dll' does not exist
LogConsoleResponse: Display: Failed to find resolution value strings in scalability ini. Falling back to default.
LogInit: Display: Running engine for game: KulMartynaSwiderska
LogPlatformFile: Not using cached read wrapper
LogTaskGraph: Started task graph with 5 named threads and 11 total threads with 3 sets of task threads.
LogStats: Stats thread started at 0.478766
LogD3D11RHI: Loaded GFSDK_Aftermath_Lib.x64.dll
LogICUInternationalization: ICU TimeZone Detection - Raw Offset: +1:00, Platform Override: ''
LogPluginManager: Mounting plugin Paper2D
LogPluginManager: Mounting plugin AISupport
LogPluginManager: Mounting plugin LightPropagationVolume
LogPluginManager: Mounting plugin ActorLayerUtilities
LogPluginManager: Mounting plugin AnimationSharing
LogPluginManager: Mounting plugin CLionSourceCodeAccess
LogPluginManager: Mounting plugin CodeLiteSourceCodeAccess
LogPluginManager: Mounting plugin GitSourceControl
LogPluginManager: Mounting plugin KDevelopSourceCodeAccess
LogPluginManager: Mounting plugin NullSourceCodeAccess
LogPluginManager: Mounting plugin PerforceSourceControl
LogPluginManager: Mounting plugin SubversionSourceControl
LogPluginManager: Mounting plugin UObjectPlugin
LogPluginManager: Mounting plugin VisualStudioCodeSourceCodeAccess
LogPluginManager: Mounting plugin VisualStudioSourceCodeAccess
LogPluginManager: Mounting plugin XCodeSourceCodeAccess
LogPluginManager: Mounting plugin AssetManagerEditor
LogPluginManager: Mounting plugin CryptoKeys
LogPluginManager: Mounting plugin CurveEditorTools
LogPluginManager: Mounting plugin DataValidation
LogPluginManager: Mounting plugin FacialAnimation
LogPluginManager: Mounting plugin GameplayTagsEditor
LogPluginManager: Mounting plugin MacGraphicsSwitching
LogPluginManager: Mounting plugin MaterialAnalyzer
LogPluginManager: Mounting plugin MobileLauncherProfileWizard
LogPluginManager: Mounting plugin PluginBrowser
LogPluginManager: Mounting plugin SpeedTreeImporter
LogPluginManager: Mounting plugin DatasmithContent
LogPluginManager: Mounting plugin VariantManagerContent
LogPluginManager: Mounting plugin AlembicImporter
LogPluginManager: Mounting plugin AutomationUtils
LogPluginManager: Mounting plugin BackChannel
LogPluginManager: Mounting plugin CharacterAI
LogPluginManager: Mounting plugin GeometryCache
LogPluginManager: Mounting plugin HTML5Networking
LogPluginManager: Mounting plugin PlatformCrypto
LogPluginManager: Mounting plugin ProxyLODPlugin
LogPluginManager: Mounting plugin SkeletalReduction
LogPluginManager: Mounting plugin MagicLeap
LogPluginManager: Mounting plugin MagicLeapMedia
LogPluginManager: Mounting plugin AndroidMedia
LogPluginManager: Mounting plugin AvfMedia
LogPluginManager: Mounting plugin ImgMedia
LogPluginManager: Mounting plugin MediaCompositing
LogPluginManager: Mounting plugin MediaPlayerEditor
LogPluginManager: Mounting plugin WebMMedia
LogPluginManager: Mounting plugin WmfMedia
LogPluginManager: Mounting plugin TcpMessaging
LogPluginManager: Mounting plugin UdpMessaging
LogPluginManager: Mounting plugin ActorSequence
LogPluginManager: Mounting plugin LevelSequenceEditor
LogPluginManager: Mounting plugin MatineeToLevelSequence
LogPluginManager: Mounting plugin NetcodeUnitTest
LogPluginManager: Mounting plugin NUTUnrealEngine4
LogPluginManager: Mounting plugin OnlineSubsystemGooglePlay
LogPluginManager: Mounting plugin OnlineSubsystemIOS
LogPluginManager: Mounting plugin OnlineSubsystem
LogPluginManager: Mounting plugin OnlineSubsystemNull
LogPluginManager: Mounting plugin OnlineSubsystemUtils
LogPluginManager: Mounting plugin LauncherChunkInstaller
LogPluginManager: Mounting plugin AndroidDeviceProfileSelector
LogPluginManager: Mounting plugin AndroidMoviePlayer
LogPluginManager: Mounting plugin AndroidPermission
LogPluginManager: Mounting plugin AppleImageUtils
LogPluginManager: Mounting plugin AppleMoviePlayer
LogPluginManager: Mounting plugin ArchVisCharacter
LogPluginManager: Mounting plugin AudioCapture
LogPluginManager: Mounting plugin CableComponent
LogPluginManager: Mounting plugin CustomMeshComponent
LogPluginManager: Mounting plugin EditableMesh
LogPluginManager: Mounting plugin ExampleDeviceProfileSelector
LogPluginManager: Mounting plugin GoogleCloudMessaging
LogPluginManager: Mounting plugin IOSDeviceProfileSelector
LogPluginManager: Mounting plugin LinuxDeviceProfileSelector
LogPluginManager: Mounting plugin LocationServicesBPLibrary
LogPluginManager: Mounting plugin MobilePatchingUtils
LogPluginManager: Mounting plugin OculusVR
LogPluginManager: Mounting plugin PhysXVehicles
LogPluginManager: Mounting plugin ProceduralMeshComponent
LogPluginManager: Mounting plugin RuntimePhysXCooking
LogPluginManager: Mounting plugin SignificanceManager
LogPluginManager: Mounting plugin SteamVR
LogPluginManager: Mounting plugin WebMMoviePlayer
LogPluginManager: Mounting plugin WindowsMoviePlayer
LogPluginManager: Mounting plugin ScreenshotTools
LogInit: Using libcurl 7.55.1-DEV
LogInit:  - built for x86_64-pc-win32
LogInit:  - supports SSL with OpenSSL/1.1.1
LogInit:  - supports HTTP deflate (compression) using libz 1.2.8
LogInit:  - other features:
LogInit:      CURL_VERSION_SSL
LogInit:      CURL_VERSION_LIBZ
LogInit:      CURL_VERSION_IPV6
LogInit:      CURL_VERSION_ASYNCHDNS
LogInit:      CURL_VERSION_LARGEFILE
LogInit:      CURL_VERSION_IDN
LogInit:  CurlRequestOptions (configurable via config and command line):
LogInit:  - bVerifyPeer = true  - Libcurl will verify peer certificate
LogInit:  - bUseHttpProxy = false  - Libcurl will NOT use HTTP proxy
LogInit:  - bDontReuseConnections = false  - Libcurl will reuse connections
LogInit:  - MaxHostConnections = 16  - Libcurl will limit the number of connections to a host
LogInit:  - LocalHostAddr = Default
LogInit:  - BufferSize = 65536
LogOnline: OSS: Creating online subsystem instance for: NULL
LogInit: WinSock: version 1.1 (2.2), MaxSocks=32767, MaxUdp=65467
LogInit: Build: ++UE4+Release-4.23-CL-9631420
LogInit: Engine Version: 4.23.1-9631420+++UE4+Release-4.23
LogInit: Compatible Engine Version: 4.23.0-8386587+++UE4+Release-4.23
LogInit: Net CL: 8386587
LogInit: OS: Windows 7 (Service Pack 1), CPU: Intel(R) Core(TM) i5-4210H CPU @ 2.90GHz, GPU: Intel(R) HD Graphics 4600
LogInit: Compiled (64-bit): Oct 18 2019 02:07:44
LogInit: Compiled with Visual C++: 19.16.27030.01
LogInit: Build Configuration: Development
LogInit: Branch Name: ++UE4+Release-4.23
LogInit: Command Line: 
LogInit: Base Directory: C:/Program Files/Epic Games/UE_4.23/Engine/Binaries/Win64/
LogInit: Installed Engine Build: 1
LogDevObjectVersion: Number of dev versions registered: 23
LogDevObjectVersion:   Dev-Blueprints (B0D832E4-1F89-4F0D-ACCF-7EB736FD4AA2): 10
LogDevObjectVersion:   Dev-Build (E1C64328-A22C-4D53-A36C-8E866417BD8C): 0
LogDevObjectVersion:   Dev-Core (375EC13C-06E4-48FB-B500-84F0262A717E): 3
LogDevObjectVersion:   Dev-Editor (E4B068ED-F494-42E9-A231-DA0B2E46BB41): 34
LogDevObjectVersion:   Dev-Framework (CFFC743F-43B0-4480-9391-14DF171D2073): 35
LogDevObjectVersion:   Dev-Mobile (B02B49B5-BB20-44E9-A304-32B752E40360): 2
LogDevObjectVersion:   Dev-Networking (A4E4105C-59A1-49B5-A7C5-40C4547EDFEE): 0
LogDevObjectVersion:   Dev-Online (39C831C9-5AE6-47DC-9A44-9C173E1C8E7C): 0
LogDevObjectVersion:   Dev-Physics (78F01B33-EBEA-4F98-B9B4-84EACCB95AA2): 0
LogDevObjectVersion:   Dev-Platform (6631380F-2D4D-43E0-8009-CF276956A95A): 0
LogDevObjectVersion:   Dev-Rendering (12F88B9F-8875-4AFC-A67C-D90C383ABD29): 31
LogDevObjectVersion:   Dev-Sequencer (7B5AE74C-D270-4C10-A958-57980B212A5A): 11
LogDevObjectVersion:   Dev-VR (D7296918-1DD6-4BDD-9DE2-64A83CC13884): 2
LogDevObjectVersion:   Dev-LoadTimes (C2A15278-BFE7-4AFE-6C17-90FF531DF755): 1
LogDevObjectVersion:   Private-Geometry (6EACA3D4-40EC-4CC1-B786-8BED09428FC5): 3
LogDevObjectVersion:   Dev-AnimPhys (29E575DD-E0A3-4627-9D10-D276232CDCEA): 17
LogDevObjectVersion:   Dev-Anim (AF43A65D-7FD3-4947-9873-3E8ED9C1BB05): 2
LogDevObjectVersion:   Dev-ReflectionCapture (6B266CEC-1EC7-4B8F-A30B-E4D90942FC07): 1
LogDevObjectVersion:   Dev-Automation (0DF73D61-A23F-47EA-B727-89E90C41499A): 1
LogDevObjectVersion:   FortniteMain (601D1886-AC64-4F84-AA16-D3DE0DEAC7D6): 27
LogDevObjectVersion:   Dev-Enterprise (9DFFBCD6-494F-0158-E221-12823C92A888): 6
LogDevObjectVersion:   Dev-Niagara (F2AED0AC-9AFE-416F-8664-AA7FFA26D6FC): 1
LogDevObjectVersion:   Dev-Destruction (174F1F0B-B4C6-45A5-B13F-2EE8D0FB917D): 9
LogInit: Presizing for max 16777216 objects, including 0 objects not considered by GC, pre-allocating 0 bytes for permanent pool.
LogInit: Object subsystem initialized
LogConfig: Setting CVar [[con.DebugEarlyDefault:1]]
LogConfig: Setting CVar [[r.setres:1280x720]]
[2020.01.23-19.05.04:319][  0]LogConfig: Setting CVar [[r.VSync:0]]
[2020.01.23-19.05.04:319][  0]LogConfig: Setting CVar [[r.RHICmdBypass:0]]
[2020.01.23-19.05.04:319][  0]LogConfig: Applying CVar settings from Section [/Script/Engine.RendererSettings] File [C:/Users/Administrator/Documents/Unreal Projects/kulkaaaaaa/kulka/Saved/Config/Windows/Engine.ini]
[2020.01.23-19.05.04:319][  0]LogConfig: Setting CVar [[r.GPUCrashDebugging:0]]
[2020.01.23-19.05.04:319][  0]LogConfig: Setting CVar [[r.DefaultFeature.AutoExposure.ExtendDefaultLuminanceRange:1]]
[2020.01.23-19.05.04:320][  0]LogConfig: Applying CVar settings from Section [/Script/Engine.RendererOverrideSettings] File [C:/Users/Administrator/Documents/Unreal Projects/kulkaaaaaa/kulka/Saved/Config/Windows/Engine.ini]
[2020.01.23-19.05.04:320][  0]LogConfig: Applying CVar settings from Section [/Script/Engine.StreamingSettings] File [C:/Users/Administrator/Documents/Unreal Projects/kulkaaaaaa/kulka/Saved/Config/Windows/Engine.ini]
[2020.01.23-19.05.04:320][  0]LogConfig: Setting CVar [[s.MinBulkDataSizeForAsyncLoading:131072]]
[2020.01.23-19.05.04:320][  0]LogConfig: Setting CVar [[s.AsyncLoadingThreadEnabled:0]]
[2020.01.23-19.05.04:320][  0]LogConfig: Setting CVar [[s.EventDrivenLoaderEnabled:1]]
[2020.01.23-19.05.04:320][  0]LogConfig: Setting CVar [[s.WarnIfTimeLimitExceeded:0]]
[2020.01.23-19.05.04:320][  0]LogConfig: Setting CVar [[s.TimeLimitExceededMultiplier:1.5]]
[2020.01.23-19.05.04:320][  0]LogConfig: Setting CVar [[s.TimeLimitExceededMinTime:0.005]]
[2020.01.23-19.05.04:320][  0]LogConfig: Setting CVar [[s.UseBackgroundLevelStreaming:1]]
[2020.01.23-19.05.04:320][  0]LogConfig: Setting CVar [[s.PriorityAsyncLoadingExtraTime:15.0]]
[2020.01.23-19.05.04:320][  0]LogConfig: Setting CVar [[s.LevelStreamingActorsUpdateTimeLimit:5.0]]
[2020.01.23-19.05.04:320][  0]LogConfig: Setting CVar [[s.PriorityLevelStreamingActorsUpdateExtraTime:5.0]]
[2020.01.23-19.05.04:320][  0]LogConfig: Setting CVar [[s.LevelStreamingComponentsRegistrationGranularity:10]]
[2020.01.23-19.05.04:320][  0]LogConfig: Setting CVar [[s.UnregisterComponentsTimeLimit:1.0]]
[2020.01.23-19.05.04:320][  0]LogConfig: Setting CVar [[s.LevelStreamingComponentsUnregistrationGranularity:5]]
[2020.01.23-19.05.04:320][  0]LogConfig: Applying CVar settings from Section [/Script/Engine.GarbageCollectionSettings] File [C:/Users/Administrator/Documents/Unreal Projects/kulkaaaaaa/kulka/Saved/Config/Windows/Engine.ini]
[2020.01.23-19.05.04:320][  0]LogConfig: Setting CVar [[gc.MaxObjectsNotConsideredByGC:1]]
[2020.01.23-19.05.04:320][  0]LogConfig: Setting CVar [[gc.SizeOfPermanentObjectPool:0]]
[2020.01.23-19.05.04:320][  0]LogConfig: Setting CVar [[gc.FlushStreamingOnGC:0]]
[2020.01.23-19.05.04:320][  0]LogConfig: Setting CVar [[gc.NumRetriesBeforeForcingGC:10]]
[2020.01.23-19.05.04:320][  0]LogConfig: Setting CVar [[gc.AllowParallelGC:1]]
[2020.01.23-19.05.04:320][  0]LogConfig: Setting CVar [[gc.TimeBetweenPurgingPendingKillObjects:61.1]]
[2020.01.23-19.05.04:320][  0]LogConfig: Setting CVar [[gc.MaxObjectsInEditor:16777216]]
[2020.01.23-19.05.04:320][  0]LogConfig: Setting CVar [[gc.IncrementalBeginDestroyEnabled:1]]
[2020.01.23-19.05.04:320][  0]LogConfig: Setting CVar [[gc.CreateGCClusters:1]]
[2020.01.23-19.05.04:320][  0]LogConfig: Setting CVar [[gc.MinGCClusterSize:5]]
[2020.01.23-19.05.04:320][  0]LogConfig: Setting CVar [[gc.ActorClusteringEnabled:0]]
[2020.01.23-19.05.04:320][  0]LogConfig: Setting CVar [[gc.BlueprintClusteringEnabled:0]]
[2020.01.23-19.05.04:320][  0]LogConfig: Setting CVar [[gc.UseDisregardForGCOnDedicatedServers:0]]
[2020.01.23-19.05.04:320][  0]LogConfig: Applying CVar settings from Section [/Script/Engine.NetworkSettings] File [C:/Users/Administrator/Documents/Unreal Projects/kulkaaaaaa/kulka/Saved/Config/Windows/Engine.ini]
[2020.01.23-19.05.04:320][  0]LogConfig: Applying CVar settings from Section [/Script/UnrealEd.CookerSettings] File [C:/Users/Administrator/Documents/Unreal Projects/kulkaaaaaa/kulka/Saved/Config/Windows/Engine.ini]
[2020.01.23-19.05.04:327][  0]LogConfig: Applying CVar settings from Section [ViewDistanceQuality@3] File [C:/Users/Administrator/Documents/Unreal Projects/kulkaaaaaa/kulka/Saved/Config/Windows/Scalability.ini]
[2020.01.23-19.05.04:327][  0]LogConfig: Setting CVar [[r.SkeletalMeshLODBias:0]]
[2020.01.23-19.05.04:327][  0]LogConfig: Setting CVar [[r.ViewDistanceScale:1.0]]
[2020.01.23-19.05.04:327][  0]LogConfig: Applying CVar settings from Section [AntiAliasingQuality@3] File [C:/Users/Administrator/Documents/Unreal Projects/kulkaaaaaa/kulka/Saved/Config/Windows/Scalability.ini]
[2020.01.23-19.05.04:327][  0]LogConfig: Setting CVar [[r.PostProcessAAQuality:4]]
[2020.01.23-19.05.04:327][  0]LogConfig: Applying CVar settings from Section [ShadowQuality@3] File [C:/Users/Administrator/Documents/Unreal Projects/kulkaaaaaa/kulka/Saved/Config/Windows/Scalability.ini]
[2020.01.23-19.05.04:327][  0]LogConfig: Setting CVar [[r.LightFunctionQuality:1]]
[2020.01.23-19.05.04:327][  0]LogConfig: Setting CVar [[r.ShadowQuality:5]]
[2020.01.23-19.05.04:327][  0]LogConfig: Setting CVar [[r.Shadow.CSM.MaxCascades:10]]
[2020.01.23-19.05.04:327][  0]LogConfig: Setting CVar [[r.Shadow.MaxResolution:2048]]
[2020.01.23-19.05.04:327][  0]LogConfig: Setting CVar [[r.Shadow.MaxCSMResolution:2048]]
[2020.01.23-19.05.04:327][  0]LogConfig: Setting CVar [[r.Shadow.RadiusThreshold:0.01]]
[2020.01.23-19.05.04:327][  0]LogConfig: Setting CVar [[r.Shadow.DistanceScale:1.0]]
[2020.01.23-19.05.04:327][  0]LogConfig: Setting CVar [[r.Shadow.CSM.TransitionScale:1.0]]
[2020.01.23-19.05.04:327][  0]LogConfig: Setting CVar [[r.Shadow.PreShadowResolutionFactor:1.0]]
[2020.01.23-19.05.04:327][  0]LogConfig: Setting CVar [[r.DistanceFieldShadowing:1]]
[2020.01.23-19.05.04:328][  0]LogConfig: Setting CVar [[r.DistanceFieldAO:1]]
[2020.01.23-19.05.04:328][  0]LogConfig: Setting CVar [[r.AOQuality:2]]
[2020.01.23-19.05.04:328][  0]LogConfig: Setting CVar [[r.VolumetricFog:1]]
[2020.01.23-19.05.04:328][  0]LogConfig: Setting CVar [[r.VolumetricFog.GridPixelSize:8]]
[2020.01.23-19.05.04:328][  0]LogConfig: Setting CVar [[r.VolumetricFog.GridSizeZ:128]]
[2020.01.23-19.05.04:328][  0]LogConfig: Setting CVar [[r.VolumetricFog.HistoryMissSupersampleCount:4]]
[2020.01.23-19.05.04:328][  0]LogConfig: Setting CVar [[r.LightMaxDrawDistanceScale:1]]
[2020.01.23-19.05.04:328][  0]LogConfig: Setting CVar [[r.CapsuleShadows:1]]
[2020.01.23-19.05.04:328][  0]LogConfig: Applying CVar settings from Section [PostProcessQuality@3] File [C:/Users/Administrator/Documents/Unreal Projects/kulkaaaaaa/kulka/Saved/Config/Windows/Scalability.ini]
[2020.01.23-19.05.04:328][  0]LogConfig: Setting CVar [[r.MotionBlurQuality:4]]
[2020.01.23-19.05.04:328][  0]LogConfig: Setting CVar [[r.AmbientOcclusionMipLevelFactor:0.4]]
[2020.01.23-19.05.04:328][  0]LogConfig: Setting CVar [[r.AmbientOcclusionMaxQuality:100]]
[2020.01.23-19.05.04:328][  0]LogConfig: Setting CVar [[r.AmbientOcclusionLevels:-1]]
[2020.01.23-19.05.04:328][  0]LogConfig: Setting CVar [[r.AmbientOcclusionRadiusScale:1.0]]
[2020.01.23-19.05.04:328][  0]LogConfig: Setting CVar [[r.DepthOfFieldQuality:2]]
[2020.01.23-19.05.04:328][  0]LogConfig: Setting CVar [[r.RenderTargetPoolMin:400]]
[2020.01.23-19.05.04:328][  0]LogConfig: Setting CVar [[r.LensFlareQuality:2]]
[2020.01.23-19.05.04:328][  0]LogConfig: Setting CVar [[r.SceneColorFringeQuality:1]]
[2020.01.23-19.05.04:328][  0]LogConfig: Setting CVar [[r.EyeAdaptationQuality:2]]
[2020.01.23-19.05.04:328][  0]LogConfig: Setting CVar [[r.BloomQuality:5]]
[2020.01.23-19.05.04:328][  0]LogConfig: Setting CVar [[r.FastBlurThreshold:100]]
[2020.01.23-19.05.04:328][  0]LogConfig: Setting CVar [[r.Upscale.Quality:3]]
[2020.01.23-19.05.04:328][  0]LogConfig: Setting CVar [[r.Tonemapper.GrainQuantization:1]]
[2020.01.23-19.05.04:328][  0]LogConfig: Setting CVar [[r.LightShaftQuality:1]]
[2020.01.23-19.05.04:328][  0]LogConfig: Setting CVar [[r.Filter.SizeScale:1]]
[2020.01.23-19.05.04:328][  0]LogConfig: Setting CVar [[r.Tonemapper.Quality:5]]
[2020.01.23-19.05.04:328][  0]LogConfig: Setting CVar [[r.DOF.Gather.AccumulatorQuality:1        ; higher gathering accumulator quality]]
[2020.01.23-19.05.04:328][  0]LogConfig: Setting CVar [[r.DOF.Gather.PostfilterMethod:1          ; Median3x3 postfilering method]]
[2020.01.23-19.05.04:328][  0]LogConfig: Setting CVar [[r.DOF.Gather.EnableBokehSettings:0       ; no bokeh simulation when gathering]]
[2020.01.23-19.05.04:328][  0]LogConfig: Setting CVar [[r.DOF.Gather.RingCount:4                 ; medium number of samples when gathering]]
[2020.01.23-19.05.04:328][  0]LogConfig: Setting CVar [[r.DOF.Scatter.ForegroundCompositing:1    ; additive foreground scattering]]
[2020.01.23-19.05.04:328][  0]LogConfig: Setting CVar [[r.DOF.Scatter.BackgroundCompositing:2    ; additive background scattering]]
[2020.01.23-19.05.04:328][  0]LogConfig: Setting CVar [[r.DOF.Scatter.EnableBokehSettings:1      ; bokeh simulation when scattering]]
[2020.01.23-19.05.04:328][  0]LogConfig: Setting CVar [[r.DOF.Scatter.MaxSpriteRatio:0.1         ; only a maximum of 10% of scattered bokeh]]
[2020.01.23-19.05.04:328][  0]LogConfig: Setting CVar [[r.DOF.Recombine.Quality:1                ; cheap slight out of focus]]
[2020.01.23-19.05.04:328][  0]LogConfig: Setting CVar [[r.DOF.Recombine.EnableBokehSettings:0    ; no bokeh simulation on slight out of focus]]
[2020.01.23-19.05.04:328][  0]LogConfig: Setting CVar [[r.DOF.TemporalAAQuality:1                ; more stable temporal accumulation]]
[2020.01.23-19.05.04:328][  0]LogConfig: Setting CVar [[r.DOF.Kernel.MaxForegroundRadius:0.025]]
[2020.01.23-19.05.04:328][  0]LogConfig: Setting CVar [[r.DOF.Kernel.MaxBackgroundRadius:0.025]]
[2020.01.23-19.05.04:328][  0]LogConfig: Applying CVar settings from Section [TextureQuality@3] File [C:/Users/Administrator/Documents/Unreal Projects/kulkaaaaaa/kulka/Saved/Config/Windows/Scalability.ini]
[2020.01.23-19.05.04:328][  0]LogConfig: Setting CVar [[r.Streaming.MipBias:0]]
[2020.01.23-19.05.04:328][  0]LogConfig: Setting CVar [[r.Streaming.AmortizeCPUToGPUCopy:0]]
[2020.01.23-19.05.04:328][  0]LogConfig: Setting CVar [[r.Streaming.MaxNumTexturesToStreamPerFrame:0]]
[2020.01.23-19.05.04:328][  0]LogConfig: Setting CVar [[r.Streaming.Boost:1]]
[2020.01.23-19.05.04:328][  0]LogConfig: Setting CVar [[r.MaxAnisotropy:8]]
[2020.01.23-19.05.04:328][  0]LogConfig: Setting CVar [[r.Streaming.LimitPoolSizeToVRAM:0]]
[2020.01.23-19.05.04:328][  0]LogConfig: Setting CVar [[r.Streaming.PoolSize:1000]]
[2020.01.23-19.05.04:328][  0]LogConfig: Setting CVar [[r.Streaming.MaxEffectiveScreenSize:0]]
[2020.01.23-19.05.04:328][  0]LogConfig: Applying CVar settings from Section [EffectsQuality@3] File [C:/Users/Administrator/Documents/Unreal Projects/kulkaaaaaa/kulka/Saved/Config/Windows/Scalability.ini]
[2020.01.23-19.05.04:328][  0]LogConfig: Setting CVar [[r.TranslucencyLightingVolumeDim:64]]
[2020.01.23-19.05.04:328][  0]LogConfig: Setting CVar [[r.RefractionQuality:2]]
[2020.01.23-19.05.04:328][  0]LogConfig: Setting CVar [[r.SSR.Quality:3]]
[2020.01.23-19.05.04:328][  0]LogConfig: Setting CVar [[r.SceneColorFormat:4]]
[2020.01.23-19.05.04:328][  0]LogConfig: Setting CVar [[r.DetailMode:2]]
[2020.01.23-19.05.04:328][  0]LogConfig: Setting CVar [[r.TranslucencyVolumeBlur:1]]
[2020.01.23-19.05.04:328][  0]LogConfig: Setting CVar [[r.MaterialQualityLevel:1 ; High quality]]
[2020.01.23-19.05.04:328][  0]LogConfig: Setting CVar [[r.SSS.Scale:1]]
[2020.01.23-19.05.04:328][  0]LogConfig: Setting CVar [[r.SSS.SampleSet:2]]
[2020.01.23-19.05.04:328][  0]LogConfig: Setting CVar [[r.SSS.Quality:1]]
[2020.01.23-19.05.04:328][  0]LogConfig: Setting CVar [[r.SSS.HalfRes:1]]
[2020.01.23-19.05.04:328][  0]LogConfig: Setting CVar [[r.EmitterSpawnRateScale:1.0]]
[2020.01.23-19.05.04:328][  0]LogConfig: Setting CVar [[r.ParticleLightQuality:2]]
[2020.01.23-19.05.04:328][  0]LogConfig: Applying CVar settings from Section [FoliageQuality@3] File [C:/Users/Administrator/Documents/Unreal Projects/kulkaaaaaa/kulka/Saved/Config/Windows/Scalability.ini]
[2020.01.23-19.05.04:328][  0]LogConfig: Setting CVar [[foliage.DensityScale:1.0]]
[2020.01.23-19.05.04:328][  0]LogConfig: Setting CVar [[grass.DensityScale:1.0]]
[2020.01.23-19.05.04:329][  0]LogInit: Selected Device Profile: [Windows]
[2020.01.23-19.05.04:329][  0]LogInit: Applying CVar settings loaded from the selected device profile: [Windows]
[2020.01.23-19.05.04:333][  0]LogHAL: Display: Platform has ~ 8 GB [8497950720 / 8589934592 / 8], which maps to Default [LargestMinGB=32, LargerMinGB=12, DefaultMinGB=8, SmallerMinGB=6, SmallestMinGB=0)
[2020.01.23-19.05.04:333][  0]LogInit: Going up to parent DeviceProfile []
[2020.01.23-19.05.04:333][  0]LogConfig: Applying CVar settings from Section [ViewDistanceQuality@3] File [C:/Users/Administrator/Documents/Unreal Projects/kulkaaaaaa/kulka/Saved/Config/Windows/Scalability.ini]
[2020.01.23-19.05.04:333][  0]LogConfig: Setting CVar [[r.SkeletalMeshLODBias:0]]
[2020.01.23-19.05.04:333][  0]LogConfig: Setting CVar [[r.ViewDistanceScale:1.0]]
[2020.01.23-19.05.04:333][  0]LogConfig: Applying CVar settings from Section [AntiAliasingQuality@3] File [C:/Users/Administrator/Documents/Unreal Projects/kulkaaaaaa/kulka/Saved/Config/Windows/Scalability.ini]
[2020.01.23-19.05.04:333][  0]LogConfig: Setting CVar [[r.PostProcessAAQuality:4]]
[2020.01.23-19.05.04:333][  0]LogConfig: Applying CVar settings from Section [ShadowQuality@3] File [C:/Users/Administrator/Documents/Unreal Projects/kulkaaaaaa/kulka/Saved/Config/Windows/Scalability.ini]
[2020.01.23-19.05.04:333][  0]LogConfig: Setting CVar [[r.LightFunctionQuality:1]]
[2020.01.23-19.05.04:333][  0]LogConfig: Setting CVar [[r.ShadowQuality:5]]
[2020.01.23-19.05.04:333][  0]LogConfig: Setting CVar [[r.Shadow.CSM.MaxCascades:10]]
[2020.01.23-19.05.04:333][  0]LogConfig: Setting CVar [[r.Shadow.MaxResolution:2048]]
[2020.01.23-19.05.04:333][  0]LogConfig: Setting CVar [[r.Shadow.MaxCSMResolution:2048]]
[2020.01.23-19.05.04:333][  0]LogConfig: Setting CVar [[r.Shadow.RadiusThreshold:0.01]]
[2020.01.23-19.05.04:333][  0]LogConfig: Setting CVar [[r.Shadow.DistanceScale:1.0]]
[2020.01.23-19.05.04:333][  0]LogConfig: Setting CVar [[r.Shadow.CSM.TransitionScale:1.0]]
[2020.01.23-19.05.04:333][  0]LogConfig: Setting CVar [[r.Shadow.PreShadowResolutionFactor:1.0]]
[2020.01.23-19.05.04:333][  0]LogConfig: Setting CVar [[r.DistanceFieldShadowing:1]]
[2020.01.23-19.05.04:333][  0]LogConfig: Setting CVar [[r.DistanceFieldAO:1]]
[2020.01.23-19.05.04:333][  0]LogConfig: Setting CVar [[r.AOQuality:2]]
[2020.01.23-19.05.04:333][  0]LogConfig: Setting CVar [[r.VolumetricFog:1]]
[2020.01.23-19.05.04:333][  0]LogConfig: Setting CVar [[r.VolumetricFog.GridPixelSize:8]]
[2020.01.23-19.05.04:333][  0]LogConfig: Setting CVar [[r.VolumetricFog.GridSizeZ:128]]
[2020.01.23-19.05.04:334][  0]LogConfig: Setting CVar [[r.VolumetricFog.HistoryMissSupersampleCount:4]]
[2020.01.23-19.05.04:334][  0]LogConfig: Setting CVar [[r.LightMaxDrawDistanceScale:1]]
[2020.01.23-19.05.04:334][  0]LogConfig: Setting CVar [[r.CapsuleShadows:1]]
[2020.01.23-19.05.04:334][  0]LogConfig: Applying CVar settings from Section [PostProcessQuality@3] File [C:/Users/Administrator/Documents/Unreal Projects/kulkaaaaaa/kulka/Saved/Config/Windows/Scalability.ini]
[2020.01.23-19.05.04:334][  0]LogConfig: Setting CVar [[r.MotionBlurQuality:4]]
[2020.01.23-19.05.04:334][  0]LogConfig: Setting CVar [[r.AmbientOcclusionMipLevelFactor:0.4]]
[2020.01.23-19.05.04:334][  0]LogConfig: Setting CVar [[r.AmbientOcclusionMaxQuality:100]]
[2020.01.23-19.05.04:334][  0]LogConfig: Setting CVar [[r.AmbientOcclusionLevels:-1]]
[2020.01.23-19.05.04:334][  0]LogConfig: Setting CVar [[r.AmbientOcclusionRadiusScale:1.0]]
[2020.01.23-19.05.04:334][  0]LogConfig: Setting CVar [[r.DepthOfFieldQuality:2]]
[2020.01.23-19.05.04:334][  0]LogConfig: Setting CVar [[r.RenderTargetPoolMin:400]]
[2020.01.23-19.05.04:334][  0]LogConfig: Setting CVar [[r.LensFlareQuality:2]]
[2020.01.23-19.05.04:334][  0]LogConfig: Setting CVar [[r.SceneColorFringeQuality:1]]
[2020.01.23-19.05.04:334][  0]LogConfig: Setting CVar [[r.EyeAdaptationQuality:2]]
[2020.01.23-19.05.04:334][  0]LogConfig: Setting CVar [[r.BloomQuality:5]]
[2020.01.23-19.05.04:334][  0]LogConfig: Setting CVar [[r.FastBlurThreshold:100]]
[2020.01.23-19.05.04:334][  0]LogConfig: Setting CVar [[r.Upscale.Quality:3]]
[2020.01.23-19.05.04:334][  0]LogConfig: Setting CVar [[r.Tonemapper.GrainQuantization:1]]
[2020.01.23-19.05.04:334][  0]LogConfig: Setting CVar [[r.LightShaftQuality:1]]
[2020.01.23-19.05.04:334][  0]LogConfig: Setting CVar [[r.Filter.SizeScale:1]]
[2020.01.23-19.05.04:334][  0]LogConfig: Setting CVar [[r.Tonemapper.Quality:5]]
[2020.01.23-19.05.04:334][  0]LogConfig: Setting CVar [[r.DOF.Gather.AccumulatorQuality:1        ; higher gathering accumulator quality]]
[2020.01.23-19.05.04:334][  0]LogConfig: Setting CVar [[r.DOF.Gather.PostfilterMethod:1          ; Median3x3 postfilering method]]
[2020.01.23-19.05.04:334][  0]LogConfig: Setting CVar [[r.DOF.Gather.EnableBokehSettings:0       ; no bokeh simulation when gathering]]
[2020.01.23-19.05.04:334][  0]LogConfig: Setting CVar [[r.DOF.Gather.RingCount:4                 ; medium number of samples when gathering]]
[2020.01.23-19.05.04:334][  0]LogConfig: Setting CVar [[r.DOF.Scatter.ForegroundCompositing:1    ; additive foreground scattering]]
[2020.01.23-19.05.04:334][  0]LogConfig: Setting CVar [[r.DOF.Scatter.BackgroundCompositing:2    ; additive background scattering]]
[2020.01.23-19.05.04:334][  0]LogConfig: Setting CVar [[r.DOF.Scatter.EnableBokehSettings:1      ; bokeh simulation when scattering]]
[2020.01.23-19.05.04:334][  0]LogConfig: Setting CVar [[r.DOF.Scatter.MaxSpriteRatio:0.1         ; only a maximum of 10% of scattered bokeh]]
[2020.01.23-19.05.04:334][  0]LogConfig: Setting CVar [[r.DOF.Recombine.Quality:1                ; cheap slight out of focus]]
[2020.01.23-19.05.04:334][  0]LogConfig: Setting CVar [[r.DOF.Recombine.EnableBokehSettings:0    ; no bokeh simulation on slight out of focus]]
[2020.01.23-19.05.04:334][  0]LogConfig: Setting CVar [[r.DOF.TemporalAAQuality:1                ; more stable temporal accumulation]]
[2020.01.23-19.05.04:334][  0]LogConfig: Setting CVar [[r.DOF.Kernel.MaxForegroundRadius:0.025]]
[2020.01.23-19.05.04:334][  0]LogConfig: Setting CVar [[r.DOF.Kernel.MaxBackgroundRadius:0.025]]
[2020.01.23-19.05.04:334][  0]LogConfig: Applying CVar settings from Section [TextureQuality@3] File [C:/Users/Administrator/Documents/Unreal Projects/kulkaaaaaa/kulka/Saved/Config/Windows/Scalability.ini]
[2020.01.23-19.05.04:334][  0]LogConfig: Setting CVar [[r.Streaming.MipBias:0]]
[2020.01.23-19.05.04:334][  0]LogConfig: Setting CVar [[r.Streaming.AmortizeCPUToGPUCopy:0]]
[2020.01.23-19.05.04:334][  0]LogConfig: Setting CVar [[r.Streaming.MaxNumTexturesToStreamPerFrame:0]]
[2020.01.23-19.05.04:334][  0]LogConfig: Setting CVar [[r.Streaming.Boost:1]]
[2020.01.23-19.05.04:334][  0]LogConfig: Setting CVar [[r.MaxAnisotropy:8]]
[2020.01.23-19.05.04:334][  0]LogConfig: Setting CVar [[r.Streaming.LimitPoolSizeToVRAM:0]]
[2020.01.23-19.05.04:334][  0]LogConfig: Setting CVar [[r.Streaming.PoolSize:1000]]
[2020.01.23-19.05.04:334][  0]LogConfig: Setting CVar [[r.Streaming.MaxEffectiveScreenSize:0]]
[2020.01.23-19.05.04:334][  0]LogConfig: Applying CVar settings from Section [EffectsQuality@3] File [C:/Users/Administrator/Documents/Unreal Projects/kulkaaaaaa/kulka/Saved/Config/Windows/Scalability.ini]
[2020.01.23-19.05.04:334][  0]LogConfig: Setting CVar [[r.TranslucencyLightingVolumeDim:64]]
[2020.01.23-19.05.04:334][  0]LogConfig: Setting CVar [[r.RefractionQuality:2]]
[2020.01.23-19.05.04:334][  0]LogConfig: Setting CVar [[r.SSR.Quality:3]]
[2020.01.23-19.05.04:334][  0]LogConfig: Setting CVar [[r.SceneColorFormat:4]]
[2020.01.23-19.05.04:334][  0]LogConfig: Setting CVar [[r.DetailMode:2]]
[2020.01.23-19.05.04:334][  0]LogConfig: Setting CVar [[r.TranslucencyVolumeBlur:1]]
[2020.01.23-19.05.04:334][  0]LogConfig: Setting CVar [[r.MaterialQualityLevel:1 ; High quality]]
[2020.01.23-19.05.04:334][  0]LogConfig: Setting CVar [[r.SSS.Scale:1]]
[2020.01.23-19.05.04:334][  0]LogConfig: Setting CVar [[r.SSS.SampleSet:2]]
[2020.01.23-19.05.04:334][  0]LogConfig: Setting CVar [[r.SSS.Quality:1]]
[2020.01.23-19.05.04:334][  0]LogConfig: Setting CVar [[r.SSS.HalfRes:1]]
[2020.01.23-19.05.04:334][  0]LogConfig: Setting CVar [[r.EmitterSpawnRateScale:1.0]]
[2020.01.23-19.05.04:334][  0]LogConfig: Setting CVar [[r.ParticleLightQuality:2]]
[2020.01.23-19.05.04:334][  0]LogConfig: Applying CVar settings from Section [FoliageQuality@3] File [C:/Users/Administrator/Documents/Unreal Projects/kulkaaaaaa/kulka/Saved/Config/Windows/Scalability.ini]
[2020.01.23-19.05.04:334][  0]LogConfig: Setting CVar [[foliage.DensityScale:1.0]]
[2020.01.23-19.05.04:334][  0]LogConfig: Setting CVar [[grass.DensityScale:1.0]]
[2020.01.23-19.05.04:334][  0]LogConfig: Applying CVar settings from Section [Startup] File [../../../Engine/Config/ConsoleVariables.ini]
[2020.01.23-19.05.04:335][  0]LogConfig: Setting CVar [[net.UseAdaptiveNetUpdateFrequency:0]]
[2020.01.23-19.05.04:335][  0]LogConfig: Setting CVar [[p.chaos.AllowCreatePhysxBodies:1]]
[2020.01.23-19.05.04:335][  0]LogConfig: Applying CVar settings from Section [ConsoleVariables] File [C:/Users/Administrator/Documents/Unreal Projects/kulkaaaaaa/kulka/Saved/Config/Windows/Engine.ini]
[2020.01.23-19.05.04:336][  0]LogInit: Computer: MARTYNA
[2020.01.23-19.05.04:336][  0]LogInit: User: Administrator
[2020.01.23-19.05.04:336][  0]LogInit: CPU Page size=4096, Cores=2
[2020.01.23-19.05.04:336][  0]LogInit: High frequency timer resolution =2.825537 MHz
[2020.01.23-19.05.04:336][  0]LogMemory: Memory total: Physical=7.9GB (8GB approx)
[2020.01.23-19.05.04:336][  0]LogMemory: Platform Memory Stats for Windows
[2020.01.23-19.05.04:336][  0]LogMemory: Process Physical Memory: 101.27 MB used, 101.27 MB peak
[2020.01.23-19.05.04:336][  0]LogMemory: Process Virtual Memory: 90.87 MB used, 90.87 MB peak
[2020.01.23-19.05.04:336][  0]LogMemory: Physical Memory: 5386.40 MB used,  2717.88 MB free, 8104.28 MB total
[2020.01.23-19.05.04:336][  0]LogMemory: Virtual Memory: 516.95 MB used,  8388091.00 MB free, 8388608.00 MB total
[2020.01.23-19.05.04:365][  0]LogWindows: WindowsPlatformFeatures enabled
[2020.01.23-19.05.04:477][  0]LogInit: Using OS detected language (pl-PL).
[2020.01.23-19.05.04:477][  0]LogInit: Using OS detected locale (pl-PL).
[2020.01.23-19.05.04:480][  0]LogTextLocalizationManager: No specific localization for 'pl-PL' exists, so the 'pl' localization will be used.
[2020.01.23-19.05.04:481][  0]LogTextLocalizationResource: LocRes '../../../Engine/Content/Localization/Editor/pl/Editor.locres' could not be opened for reading!
[2020.01.23-19.05.04:481][  0]LogTextLocalizationResource: LocRes '../../../Engine/Content/Localization/EditorTutorials/pl/EditorTutorials.locres' could not be opened for reading!
[2020.01.23-19.05.04:481][  0]LogTextLocalizationResource: LocRes '../../../Engine/Content/Localization/Keywords/pl/Keywords.locres' could not be opened for reading!
[2020.01.23-19.05.04:481][  0]LogTextLocalizationResource: LocRes '../../../Engine/Content/Localization/Category/pl/Category.locres' could not be opened for reading!
[2020.01.23-19.05.04:481][  0]LogTextLocalizationResource: LocRes '../../../Engine/Content/Localization/ToolTips/pl/ToolTips.locres' could not be opened for reading!
[2020.01.23-19.05.04:482][  0]LogTextLocalizationResource: LocRes '../../../Engine/Content/Localization/PropertyNames/pl/PropertyNames.locres' could not be opened for reading!
[2020.01.23-19.05.04:482][  0]LogTextLocalizationResource: LocRes '../../../Engine/Content/Localization/Engine/pl/Engine.locres' could not be opened for reading!
[2020.01.23-19.05.04:485][  0]LogWindows: Failed to load 'shcore.dll' (GetLastError=126)
[2020.01.23-19.05.04:485][  0]LogWindows: File 'shcore.dll' does not exist
[2020.01.23-19.05.04:485][  0]LogInit: Setting process to DPI aware
[2020.01.23-19.05.04:560][  0]LogSlate: New Slate User Created.  User Index 0, Is Virtual User: 0
[2020.01.23-19.05.04:560][  0]LogSlate: Slate User Registered.  User Index 0, Is Virtual User: 0
[2020.01.23-19.05.04:963][  0]LogHMD: Failed to initialize OpenVR with code 110
[2020.01.23-19.05.04:964][  0]LogD3D11RHI: D3D11 adapters:
[2020.01.23-19.05.05:049][  0]LogD3D11RHI:    0. 'NVIDIA GeForce GTX 960M' (Feature Level 11_0)
[2020.01.23-19.05.05:049][  0]LogD3D11RHI:       4037/0/3796 MB DedicatedVideo/DedicatedSystem/SharedSystem, Outputs:1, VendorId:0x10de
[2020.01.23-19.05.05:067][  0]LogD3D11RHI:    1. 'NVIDIA GeForce GTX 960M' (Feature Level 11_0)
[2020.01.23-19.05.05:067][  0]LogD3D11RHI:       4037/0/3796 MB DedicatedVideo/DedicatedSystem/SharedSystem, Outputs:0, VendorId:0x10de
[2020.01.23-19.05.05:067][  0]LogD3D11RHI: Chosen D3D11 Adapter: 0
[2020.01.23-19.05.05:075][  0]LogD3D11RHI: Creating new Direct3DDevice
[2020.01.23-19.05.05:076][  0]LogD3D11RHI:     GPU DeviceId: 0x139b (for the marketing name, search the web for "GPU Device Id")
[2020.01.23-19.05.05:076][  0]LogWindows: EnumDisplayDevices:
[2020.01.23-19.05.05:076][  0]LogWindows:    0. 'Intel(R) HD Graphics 4600' (P:1 D:1)
[2020.01.23-19.05.05:076][  0]LogWindows:    1. 'Intel(R) HD Graphics 4600' (P:0 D:0)
[2020.01.23-19.05.05:076][  0]LogWindows:    2. 'Intel(R) HD Graphics 4600' (P:0 D:0)
[2020.01.23-19.05.05:077][  0]LogWindows:    3. 'NVIDIA GeForce GTX 960M' (P:0 D:0)
[2020.01.23-19.05.05:077][  0]LogWindows:    4. 'RDPDD Chained DD' (P:0 D:0)
[2020.01.23-19.05.05:077][  0]LogWindows:    5. 'RDP Encoder Mirror Driver' (P:0 D:0)
[2020.01.23-19.05.05:077][  0]LogWindows:    6. 'RDP Reflector Display Driver' (P:0 D:0)
[2020.01.23-19.05.05:077][  0]LogWindows: DebugString: PrimaryIsNotTheChoosenAdapter PrimaryIsNotTheChoosenAdapter PrimaryIsNotTheChoosenAdapter GetVideoDriverDetailsInvalid PrimaryIsNotTheChoosenAdapter GetVideoDriverDetailsInvalid PrimaryIsNotTheChoosenAdapter GetVideoDriverDetailsInvalid PrimaryIsNotTheChoosenAdapter 
[2020.01.23-19.05.05:078][  0]LogD3D11RHI:     Adapter Name: NVIDIA GeForce GTX 960M
[2020.01.23-19.05.05:078][  0]LogD3D11RHI:   Driver Version: 418.91 (internal:25.21.14.1891, unified:418.91)
[2020.01.23-19.05.05:078][  0]LogD3D11RHI:      Driver Date: 2-6-2019
[2020.01.23-19.05.05:078][  0]LogRHI: Texture pool is 2826 MB (70% of 4037 MB)
[2020.01.23-19.05.05:100][  0]LogD3D11RHI: NvAPI_D3D_GetCurrentSLIState failed: 0xfffffff7
[2020.01.23-19.05.05:100][  0]LogD3D11RHI: Async texture creation enabled
[2020.01.23-19.05.05:123][  0]LogD3D11RHI: GPU Timing Frequency: 1000.000000 (Debug: 2 2)
[2020.01.23-19.05.05:543][  0]LogTemp: Display: Module 'AllDesktopTargetPlatform' loaded TargetPlatform 'AllDesktop'
[2020.01.23-19.05.05:553][  0]LogTemp: Display: Module 'MacClientTargetPlatform' loaded TargetPlatform 'MacClient'
[2020.01.23-19.05.05:567][  0]LogTemp: Display: Module 'MacNoEditorTargetPlatform' loaded TargetPlatform 'MacNoEditor'
[2020.01.23-19.05.05:578][  0]LogTemp: Display: Module 'MacServerTargetPlatform' loaded TargetPlatform 'MacServer'
[2020.01.23-19.05.05:592][  0]LogTemp: Display: Module 'MacTargetPlatform' loaded TargetPlatform 'Mac'
[2020.01.23-19.05.05:610][  0]LogTemp: Display: Module 'WindowsClientTargetPlatform' loaded TargetPlatform 'WindowsClient'
[2020.01.23-19.05.05:622][  0]LogTemp: Display: Module 'WindowsNoEditorTargetPlatform' loaded TargetPlatform 'WindowsNoEditor'
[2020.01.23-19.05.05:633][  0]LogTemp: Display: Module 'WindowsServerTargetPlatform' loaded TargetPlatform 'WindowsServer'
[2020.01.23-19.05.05:640][  0]LogTemp: Display: Module 'WindowsTargetPlatform' loaded TargetPlatform 'Windows'
[2020.01.23-19.05.05:691][  0]LogTemp: Display: Module 'AndroidTargetPlatform' loaded TargetPlatform 'Android'
[2020.01.23-19.05.05:691][  0]LogTemp: Display: Module 'AndroidTargetPlatform' loaded TargetPlatform 'Android_ASTC'
[2020.01.23-19.05.05:691][  0]LogTemp: Display: Module 'AndroidTargetPlatform' loaded TargetPlatform 'Android_ATC'
[2020.01.23-19.05.05:691][  0]LogTemp: Display: Module 'AndroidTargetPlatform' loaded TargetPlatform 'Android_DXT'
[2020.01.23-19.05.05:691][  0]LogTemp: Display: Module 'AndroidTargetPlatform' loaded TargetPlatform 'Android_ETC1'
[2020.01.23-19.05.05:691][  0]LogTemp: Display: Module 'AndroidTargetPlatform' loaded TargetPlatform 'Android_ETC1a'
[2020.01.23-19.05.05:691][  0]LogTemp: Display: Module 'AndroidTargetPlatform' loaded TargetPlatform 'Android_ETC2'
[2020.01.23-19.05.05:691][  0]LogTemp: Display: Module 'AndroidTargetPlatform' loaded TargetPlatform 'Android_PVRTC'
[2020.01.23-19.05.05:691][  0]LogTemp: Display: Module 'AndroidTargetPlatform' loaded TargetPlatform 'AndroidClient'
[2020.01.23-19.05.05:691][  0]LogTemp: Display: Module 'AndroidTargetPlatform' loaded TargetPlatform 'Android_ASTCClient'
[2020.01.23-19.05.05:691][  0]LogTemp: Display: Module 'AndroidTargetPlatform' loaded TargetPlatform 'Android_ATCClient'
[2020.01.23-19.05.05:691][  0]LogTemp: Display: Module 'AndroidTargetPlatform' loaded TargetPlatform 'Android_DXTClient'
[2020.01.23-19.05.05:691][  0]LogTemp: Display: Module 'AndroidTargetPlatform' loaded TargetPlatform 'Android_ETC1Client'
[2020.01.23-19.05.05:691][  0]LogTemp: Display: Module 'AndroidTargetPlatform' loaded TargetPlatform 'Android_ETC1aClient'
[2020.01.23-19.05.05:691][  0]LogTemp: Display: Module 'AndroidTargetPlatform' loaded TargetPlatform 'Android_ETC2Client'
[2020.01.23-19.05.05:691][  0]LogTemp: Display: Module 'AndroidTargetPlatform' loaded TargetPlatform 'Android_PVRTCClient'
[2020.01.23-19.05.05:691][  0]LogTemp: Display: Module 'AndroidTargetPlatform' loaded TargetPlatform 'Android_Multi'
[2020.01.23-19.05.05:691][  0]LogTemp: Display: Module 'AndroidTargetPlatform' loaded TargetPlatform 'Android_MultiClient'
[2020.01.23-19.05.05:694][  0]LogTemp: Display: Module 'HTML5TargetPlatform' loaded TargetPlatform 'HTML5'
[2020.01.23-19.05.05:722][  0]LogTemp: Display: Module 'IOSTargetPlatform' loaded TargetPlatform 'IOSClient'
[2020.01.23-19.05.05:723][  0]LogTemp: Display: Module 'IOSTargetPlatform' loaded TargetPlatform 'IOS'
[2020.01.23-19.05.05:741][  0]LogTemp: Display: Module 'TVOSTargetPlatform' loaded TargetPlatform 'TVOSClient'
[2020.01.23-19.05.05:741][  0]LogTemp: Display: Module 'TVOSTargetPlatform' loaded TargetPlatform 'TVOS'
[2020.01.23-19.05.05:751][  0]LogTemp: Display: Module 'LinuxClientTargetPlatform' loaded TargetPlatform 'LinuxClient'
[2020.01.23-19.05.05:762][  0]LogTemp: Display: Module 'LinuxNoEditorTargetPlatform' loaded TargetPlatform 'LinuxNoEditor'
[2020.01.23-19.05.05:773][  0]LogTemp: Display: Module 'LinuxServerTargetPlatform' loaded TargetPlatform 'LinuxServer'
[2020.01.23-19.05.05:783][  0]LogTemp: Display: Module 'LinuxTargetPlatform' loaded TargetPlatform 'Linux'
[2020.01.23-19.05.05:820][  0]LogTemp: Display: Module 'LuminTargetPlatform' loaded TargetPlatform 'Lumin'
[2020.01.23-19.05.05:821][  0]LogTemp: Display: Module 'LuminTargetPlatform' loaded TargetPlatform 'LuminClient'
[2020.01.23-19.05.05:821][  0]LogTargetPlatformManager: Display: Building Assets For Windows
[2020.01.23-19.05.05:839][  0]LogAudioDebug: Display: Lib vorbis DLL was dynamically loaded.
[2020.01.23-19.05.05:948][  0]LogShaderCompilers: Guid format shader working directory is -26 characters bigger than the processId version (../../../../../../Users/Administrator/Documents/Unreal Projects/kulkaaaaaa/kulka/Intermediate/Shaders/WorkingDirectory/8324/).
[2020.01.23-19.05.05:949][  0]LogShaderCompilers: Cleaned the shader compiler working directory 'C:/Users/Administrator/AppData/Local/Temp/UnrealShaderWorkingDir/1CFB4E9F4898BEFEF8744ABA1158C669/'.
[2020.01.23-19.05.05:954][  0]LogXGEController: Cleaning working directory: C:/Users/Administrator/AppData/Local/Temp/UnrealXGEWorkingDir/
[2020.01.23-19.05.05:954][  0]LogXGEController: Cannot use XGE Controller as Incredibuild is not installed on this machine.
[2020.01.23-19.05.05:954][  0]LogShaderCompilers: Cannot use XGE Shader Compiler as Incredibuild is not installed on this machine.
[2020.01.23-19.05.05:954][  0]LogShaderCompilers: Display: Using Local Shader Compiler.
[2020.01.23-19.05.06:842][  0]LogDerivedDataCache: Display: Max Cache Size: 512 MB
[2020.01.23-19.05.07:082][  0]LogDerivedDataCache: Loaded boot cache 0.24s 73MB C:/Users/Administrator/AppData/Local/UnrealEngine/4.23/DerivedDataCache/Boot.ddc.
[2020.01.23-19.05.07:082][  0]LogDerivedDataCache: Display: Loaded Boot cache: C:/Users/Administrator/AppData/Local/UnrealEngine/4.23/DerivedDataCache/Boot.ddc
[2020.01.23-19.05.07:082][  0]LogDerivedDataCache: FDerivedDataBackendGraph:  Pak pak cache file ../../../../../../Users/Administrator/Documents/Unreal Projects/kulkaaaaaa/kulka/DerivedDataCache/DDC.ddp not found, will not use a pak cache.
[2020.01.23-19.05.07:082][  0]LogDerivedDataCache: Unable to find inner node Pak for hierarchical cache Hierarchy.
[2020.01.23-19.05.07:082][  0]LogDerivedDataCache: FDerivedDataBackendGraph:  CompressedPak pak cache file ../../../../../../Users/Administrator/Documents/Unreal Projects/kulkaaaaaa/kulka/DerivedDataCache/Compressed.ddp not found, will not use a pak cache.
[2020.01.23-19.05.07:082][  0]LogDerivedDataCache: Unable to find inner node CompressedPak for hierarchical cache Hierarchy.
[2020.01.23-19.05.07:097][  0]LogDerivedDataCache: Display: Pak cache opened for reading ../../../Engine/DerivedDataCache/Compressed.ddp.
[2020.01.23-19.05.07:097][  0]LogDerivedDataCache: FDerivedDataBackendGraph:  EnterprisePak pak cache file ../../../Enterprise/DerivedDataCache/Compressed.ddp not found, will not use a pak cache.
[2020.01.23-19.05.07:097][  0]LogDerivedDataCache: Unable to find inner node EnterprisePak for hierarchical cache Hierarchy.
[2020.01.23-19.05.07:099][  0]LogDerivedDataCache: Using Local data cache path C:/Users/Administrator/AppData/Local/UnrealEngine/Common/DerivedDataCache: Writable
[2020.01.23-19.05.07:099][  0]LogDerivedDataCache: Shared data cache path not found in *engine.ini, will not use an Shared cache.
[2020.01.23-19.05.07:099][  0]LogDerivedDataCache: Unable to find inner node Shared for hierarchical cache Hierarchy.
[2020.01.23-19.05.07:132][  0]LogMaterial: Verifying Global Shaders for PCD3D_SM5
[2020.01.23-19.05.07:140][  0]LogSlate: Using FreeType 2.6.0
[2020.01.23-19.05.07:143][  0]LogSlate: SlateFontServices - WITH_FREETYPE: 1, WITH_HARFBUZZ: 1
[2020.01.23-19.05.07:303][  0]LogAssetRegistry: FAssetRegistry took 0.0040 seconds to start up
[2020.01.23-19.05.07:835][  0]LogInit: Selected Device Profile: [Windows]
[2020.01.23-19.05.08:167][  0]LogMeshReduction: Using QuadricMeshReduction for automatic static mesh reduction
[2020.01.23-19.05.08:167][  0]LogMeshReduction: Using SimplygonMeshReduction for automatic skeletal mesh reduction
[2020.01.23-19.05.08:167][  0]LogMeshReduction: Using ProxyLODMeshReduction for automatic mesh merging
[2020.01.23-19.05.08:167][  0]LogMeshReduction: No distributed automatic mesh merging module available
[2020.01.23-19.05.08:168][  0]LogMeshMerging: No distributed automatic mesh merging module available
[2020.01.23-19.05.08:199][  0]LogNetVersion: KulMartynaSwiderska 1.0.0, NetCL: 8386587, EngineNetVer: 11, GameNetVer: 0 (Checksum: 1346339730)
[2020.01.23-19.05.09:050][  0]LogPackageLocalizationCache: Processed 12 localized package path(s) for 1 prioritized culture(s) in 0.065143 seconds
[2020.01.23-19.05.09:062][  0]LogUObjectArray: 43444 objects as part of root set at end of initial load.
[2020.01.23-19.05.09:062][  0]LogUObjectAllocator: 7548648 out of 0 bytes used by permanent object pool.
[2020.01.23-19.05.09:062][  0]LogUObjectArray: CloseDisregardForGC: 0/0 objects in disregard for GC pool
[2020.01.23-19.05.11:478][  0]LogTcpMessaging: Initializing TcpMessaging bridge
[2020.01.23-19.05.11:486][  0]LogUdpMessaging: Initializing bridge on interface 0.0.0.0:0 to multicast group 230.0.0.1:6666.
[2020.01.23-19.05.11:627][  0]SourceControl: Source control is disabled
[2020.01.23-19.05.11:628][  0]SourceControl: Source control is disabled
[2020.01.23-19.05.11:641][  0]SourceControl: Source control is disabled
[2020.01.23-19.05.11:645][  0]SourceControl: Source control is disabled
[2020.01.23-19.05.11:929][  0]LogAndroidPermission: UAndroidPermissionCallbackProxy::GetInstance
[2020.01.23-19.05.12:306][  0]LogOcInput: OculusInput pre-init called
[2020.01.23-19.05.12:323][  0]LogWindows: Failed to load 'OVRPlugin.dll' (GetLastError=126)
[2020.01.23-19.05.12:323][  0]LogWindows: File 'OVRPlugin.dll' does not exist
[2020.01.23-19.05.12:507][  0]LogEngine: Initializing Engine...
[2020.01.23-19.05.12:509][  0]LogHMD: Failed to initialize OpenVR with code 110
[2020.01.23-19.05.12:513][  0]LogStats: UGameplayTagsManager::InitializeManager -  0.002 s
[2020.01.23-19.05.13:030][  0]LogInit: Initializing FReadOnlyCVARCache
[2020.01.23-19.05.13:238][  0]LogAIModule: Creating AISystem for world Untitled
[2020.01.23-19.05.13:351][  0]LogInit: XAudio2 using 'Głośniki (Realtek High Definition Audio)' : 2 channels at 48 kHz using 32 bits per sample (channel mask 0x3)
[2020.01.23-19.05.13:443][  0]LogInit: FAudioDevice initialized.
[2020.01.23-19.05.13:444][  0]LogNetVersion: Set ProjectVersion to 1.0.0.0. Version Checksum will be recalculated on next use.
[2020.01.23-19.05.13:838][  0]LogDerivedDataCache: Saved boot cache 0.39s 73MB C:/Users/Administrator/AppData/Local/UnrealEngine/4.23/DerivedDataCache/Boot.ddc.
[2020.01.23-19.05.13:839][  0]LogInit: Texture streaming: Enabled
[2020.01.23-19.05.13:979][  0]LogEngineSessionManager: EngineSessionManager initialized
[2020.01.23-19.05.13:979][  0]LogEditorSessionSummary: Verbose: Initializing EditorSessionSummaryWriter for editor session tracking
[2020.01.23-19.05.13:986][  0]LogEditorSessionSummary: EditorSessionSummaryWriter initialized
[2020.01.23-19.05.14:301][  0]LogInit: Transaction tracking system initialized
[2020.01.23-19.05.14:438][  0]BlueprintLog: New page: Editor Load
[2020.01.23-19.05.15:159][  0]LocalizationService: Localization service is disabled
[2020.01.23-19.05.15:870][  0]LogFileCache: Scanning file cache for directory 'C:/Users/Administrator/Documents/Unreal Projects/kulkaaaaaa/kulka/Content/' took 0.01s
[2020.01.23-19.05.15:870][  0]LogCook: Display: Max memory allowance for cook 16384mb min free memory 0mb
[2020.01.23-19.05.15:870][  0]LogCook: Display: Mobile HDR setting 1
[2020.01.23-19.05.16:483][  0]SourceControl: Source control is disabled
[2020.01.23-19.05.16:484][  0]Cmd: MAP LOAD FILE="../../../../../../Users/Administrator/Documents/Unreal Projects/kulkaaaaaa/kulka/Content/StarterContent/Maps/Minimal_Default.umap" TEMPLATE=0 SHOWPROGRESS=1 FEATURELEVEL=3
[2020.01.23-19.05.16:486][  0]LightingResults: New page: Lighting Build
[2020.01.23-19.05.16:495][  0]LogWorld: UWorld::CleanupWorld for Untitled, bSessionEnded=true, bCleanupResources=true
[2020.01.23-19.05.16:497][  0]MapCheck: New page: Map Check
[2020.01.23-19.05.16:497][  0]LightingResults: New page: Lighting Build
[2020.01.23-19.05.16:542][  0]LogUObjectHash: Compacting FUObjectHashTables data took   3.57ms
[2020.01.23-19.05.17:133][  0]LogAIModule: Creating AISystem for world Minimal_Default
[2020.01.23-19.05.17:282][  0]LogEditorServer: Finished looking for orphan Actors (0.000 secs)
[2020.01.23-19.05.17:372][  0]LogUObjectHash: Compacting FUObjectHashTables data took   5.76ms
[2020.01.23-19.05.17:372][  0]Cmd: MAP CHECKDEP NOCLEARLOG
[2020.01.23-19.05.17:376][  0]MapCheck: Map check complete: 0 Error(s), 0 Warning(s), took 3,825ms to complete.
[2020.01.23-19.05.17:376][  0]LogFileHelpers: Loading map 'Minimal_Default' took 0.892
[2020.01.23-19.05.17:586][  0]LogSlate: Updating window title bar state: overlay mode, drag disabled, window buttons hidden, title bar hidden
[2020.01.23-19.05.17:601][  0]LogSlate: Updating window title bar state: overlay mode, drag disabled, window buttons hidden, title bar hidden
[2020.01.23-19.05.17:614][  0]LogSlate: Updating window title bar state: overlay mode, drag disabled, window buttons hidden, title bar hidden
[2020.01.23-19.05.17:628][  0]LogSlate: Updating window title bar state: overlay mode, drag disabled, window buttons hidden, title bar hidden
[2020.01.23-19.05.17:651][  0]LogCollectionManager: Loaded 0 collections in 0.004902 seconds
[2020.01.23-19.05.17:683][  0]LogFileCache: Scanning file cache for directory 'C:/Users/Administrator/Documents/Unreal Projects/kulkaaaaaa/kulka/Saved/Collections/' took 0.00s
[2020.01.23-19.05.17:683][  0]LogFileCache: Scanning file cache for directory 'C:/Users/Administrator/Documents/Unreal Projects/kulkaaaaaa/kulka/Content/Developers/Administrator/Collections/' took 0.00s
[2020.01.23-19.05.17:684][  0]LogFileCache: Scanning file cache for directory 'C:/Users/Administrator/Documents/Unreal Projects/kulkaaaaaa/kulka/Content/Collections/' took 0.00s
[2020.01.23-19.05.17:684][  0]LogCollectionManager: Rebuilt the GUID cache for 0 collections in 0.000003 seconds
[2020.01.23-19.05.17:700][  0]LogContentBrowser: Native class hierarchy populated in 0.0147 seconds. Added 2863 classes and 680 folders.
[2020.01.23-19.05.17:719][  0]LogContentBrowser: Native class hierarchy updated for 'WidgetCarousel' in 0.0004 seconds. Added 0 classes and 0 folders.
[2020.01.23-19.05.17:932][  0]LogContentBrowser: Native class hierarchy updated for 'AddContentDialog' in 0.0003 seconds. Added 0 classes and 0 folders.
[2020.01.23-19.05.17:945][  0]LogContentBrowser: Native class hierarchy updated for 'SceneOutliner' in 0.0004 seconds. Added 1 classes and 2 folders.
[2020.01.23-19.05.17:994][  0]LogSlate: Took 0.000953 seconds to synchronously load lazily loaded font '../../../Engine/Content/Slate/Fonts/Roboto-Bold.ttf' (160K)
[2020.01.23-19.05.17:997][  0]LogSlate: Took 0.000836 seconds to synchronously load lazily loaded font '../../../Engine/Content/Slate/Fonts/Roboto-Regular.ttf' (155K)
[2020.01.23-19.05.18:030][  0]LogContentBrowser: Native class hierarchy updated for 'HierarchicalLODOutliner' in 0.0004 seconds. Added 0 classes and 0 folders.
[2020.01.23-19.05.18:031][  0]LogLoad: (Engine Initialization) Total time: 18.25 seconds
[2020.01.23-19.05.18:031][  0]LogLoad: (Engine Initialization) Total Blueprint compile time: 0.00 seconds
[2020.01.23-19.05.18:108][  0]LogContentStreaming: Texture pool size now 1000 MB
[2020.01.23-19.05.18:116][  0]LogSlate: Took 0.000908 seconds to synchronously load lazily loaded font '../../../Engine/Content/Editor/Slate/Fonts/FontAwesome.ttf' (139K)
[2020.01.23-19.05.18:203][  0]LogSlate: Took 0.001441 seconds to synchronously load lazily loaded font '../../../Engine/Content/Slate/Fonts/Roboto-Light.ttf' (167K)
[2020.01.23-19.05.18:294][  1]LogRenderer: Reallocating scene render targets to support 932x360 Format 10 NumSamples 1 (Frame:1).
[2020.01.23-19.05.18:294][  1]LogAssetRegistry: Asset discovery search completed in 10.9922 seconds
[2020.01.23-19.05.18:303][  1]LogCollectionManager: Rebuilt the object cache for 0 collections in 0.000007 seconds (found 0 objects)
[2020.01.23-19.05.18:304][  1]LogCollectionManager: Fixed up redirectors for 0 collections in 0.000114 seconds (updated 0 objects)
[2020.01.23-19.05.19:077][ 40]LogSlate: Took 0.000214 seconds to synchronously load lazily loaded font '../../../Engine/Content/Slate/Fonts/Roboto-Light.ttf' (167K)
[2020.01.23-19.05.26:425][371]LogSlate: FSceneViewport::OnFocusLost() reason 0
[2020.01.23-19.05.26:580][384]LogRenderer: Reallocating scene render targets to support 932x440 Format 10 NumSamples 1 (Frame:371).
[2020.01.23-19.05.34:253][861]LogAssetEditorManager: Opening Asset editor for LevelScriptBlueprint /Game/StarterContent/Maps/Minimal_Default.Minimal_Default:PersistentLevel.Minimal_Default
[2020.01.23-19.05.34:666][861]LogContentBrowser: Native class hierarchy updated for 'BlueprintGraph' in 0.0009 seconds. Added 121 classes and 0 folders.
[2020.01.23-19.05.35:854][861]LogSlate: Took 0.000877 seconds to synchronously load lazily loaded font '../../../Engine/Content/Slate/Fonts/Roboto-BoldCondensed.ttf' (158K)
[2020.01.23-19.05.35:925][862]LogSlate: Took 0.001281 seconds to synchronously load lazily loaded font '../../../Engine/Content/Slate/Fonts/Roboto-Italic.ttf' (157K)
[2020.01.23-19.05.40:913][ 87]LogSlate: Window 'Minimal_Default' being destroyed
[2020.01.23-19.05.40:923][ 87]LogSlate: Window 'Minimal_Default' being destroyed
[2020.01.23-19.05.40:927][ 87]LogWorld: UWorld::CleanupWorld for World_0, bSessionEnded=true, bCleanupResources=true
[2020.01.23-19.05.44:384][268]LogLinker: Warning: Failed to load '/Game/StarterContent/Maps/Minimal_Default.Minimal_Default:PersistentLevel.Minimal_Default': Can't resolve asset name
[2020.01.23-19.06.18:305][905]LogEditorSessionSummary: EditorSessionSummary sent report. Type=Shutdown, SessionId={22090FF5-4BDC-2538-B36E-34B331198934}
[2020.01.23-19.07.21:953][409]LogActorFactory: Actor Factory created Shape_Sphere
[2020.01.23-19.07.22:767][500]LogActorFactory: Actor Factory created Shape_Sphere
[2020.01.23-19.07.24:283][618]LogActorFactory: Actor Factory created Shape_Sphere
[2020.01.23-19.07.30:144][ 21]LogSlate: FSceneViewport::OnFocusLost() reason 0
[2020.01.23-19.08.33:789][723]LogSlate: FSceneViewport::OnFocusLost() reason 0
[2020.01.23-19.08.50:231][136]LogSlate: FSceneViewport::OnFocusLost() reason 0
[2020.01.23-19.08.57:441][563]LogSlate: FSceneViewport::OnFocusLost() reason 0
[2020.01.23-19.09.22:046][913]LogSlate: FSceneViewport::OnFocusLost() reason 0
[2020.01.23-19.10.18:527][341]LogAssetEditorManager: Opening Asset editor for LevelScriptBlueprint /Game/StarterContent/Maps/Minimal_Default.Minimal_Default:PersistentLevel.Minimal_Default
[2020.01.23-19.11.48:968][423]LogEditorTransaction: Undo Add Node
[2020.01.23-19.15.50:696][920]BlueprintLog: New page: Compile Minimal_Default
[2020.01.23-19.15.50:985][920]LogUObjectHash: Compacting FUObjectHashTables data took   6.38ms
[2020.01.23-19.16.01:929][677]LogUObjectHash: Compacting FUObjectHashTables data took   1.00ms
[2020.01.23-19.16.02:162][677]LogSavePackage: Moving '../../../../../../Users/Administrator/Documents/Unreal Projects/kulkaaaaaa/kulka/Saved/Minimal_Default2CD0614247A8E39FFAC1329A3DC25962.tmp' to '../../../../../../Users/Administrator/Documents/Unreal Projects/kulkaaaaaa/kulka/Content/StarterContent/Maps/Minimal_Default.umap'
[2020.01.23-19.16.02:309][677]LogSavePackage: Moving '../../../../../../Users/Administrator/Documents/Unreal Projects/kulkaaaaaa/kulka/Saved/Minimal_Default_BuiltData3C5A10BD4D2CB80AC87001AAC7660344.tmp' to '../../../../../../Users/Administrator/Documents/Unreal Projects/kulkaaaaaa/kulka/Content/StarterContent/Maps/Minimal_Default_BuiltData.uasset'
